<?xml version="1.0" encoding="UTF-8"?>
<!-- Generated by org.testng.reporters.JUnitReportReporter -->
<testsuite hostname="ctlinlp-0977.cignitiglobal.com" name="com.mobile.automation.scripts.Kiosk_BasicFlowwith_ESVand_DeliveryFeefeatureturnedOFF_TestID_1906" tests="10" failures="10" timestamp="12 Dec 2018 06:27:23 GMT" time="13363.694" errors="0">
  <testcase name="Kiosk_BasicFlow_with_ESVand_DeliveryFeefeatureturnedOFF_TestID_1906" time="1273.307" classname="com.mobile.automation.scripts.Kiosk_BasicFlowwith_ESVand_DeliveryFeefeatureturnedOFF_TestID_1906">
    <failure type="java.lang.AssertionError" message="null">
      <![CDATA[java.lang.AssertionError: null
	at org.testng.Assert.fail(Assert.java:94)
	at org.testng.Assert.fail(Assert.java:101)
	at com.mobile.automation.objectrepository.Getapprovedpage.Createmyorder(Getapprovedpage.java:4115)
	at com.mobile.automation.scripts.Kiosk_BasicFlowwith_ESVand_DeliveryFeefeatureturnedOFF_TestID_1906.Kiosk_BasicFlow_with_ESVand_DeliveryFeefeatureturnedOFF_TestID_1906(Kiosk_BasicFlowwith_ESVand_DeliveryFeefeatureturnedOFF_TestID_1906.java:107)
	at sun.reflect.NativeMethodAccessorImpl.invoke0(Native Method)
	at sun.reflect.NativeMethodAccessorImpl.invoke(NativeMethodAccessorImpl.java:62)
	at sun.reflect.DelegatingMethodAccessorImpl.invoke(DelegatingMethodAccessorImpl.java:43)
	at java.lang.reflect.Method.invoke(Method.java:498)
	at org.testng.internal.MethodInvocationHelper.invokeMethod(MethodInvocationHelper.java:86)
	at org.testng.internal.Invoker.invokeMethod(Invoker.java:643)
	at org.testng.internal.Invoker.invokeTestMethod(Invoker.java:820)
	at org.testng.internal.Invoker.invokeTestMethods(Invoker.java:1128)
	at org.testng.internal.TestMethodWorker.invokeTestMethods(TestMethodWorker.java:129)
	at org.testng.internal.TestMethodWorker.run(TestMethodWorker.java:112)
	at org.testng.TestRunner.privateRun(TestRunner.java:782)
	at org.testng.TestRunner.run(TestRunner.java:632)
	at org.testng.SuiteRunner.runTest(SuiteRunner.java:366)
	at org.testng.SuiteRunner.access$000(SuiteRunner.java:39)
	at org.testng.SuiteRunner$SuiteWorker.run(SuiteRunner.java:400)
	at org.testng.internal.thread.ThreadUtil$2.call(ThreadUtil.java:64)
	at java.util.concurrent.FutureTask.run(FutureTask.java:266)
	at java.util.concurrent.ThreadPoolExecutor.runWorker(ThreadPoolExecutor.java:1149)
	at java.util.concurrent.ThreadPoolExecutor$Worker.run(ThreadPoolExecutor.java:624)
	at java.lang.Thread.run(Thread.java:748)
]]>
    </failure>
  </testcase> <!-- Kiosk_BasicFlow_with_ESVand_DeliveryFeefeatureturnedOFF_TestID_1906 -->
  <testcase name="Kiosk_BasicFlow_with_ESVand_DeliveryFeefeatureturnedOFF_TestID_1906" time="1422.444" classname="com.mobile.automation.scripts.Kiosk_BasicFlowwith_ESVand_DeliveryFeefeatureturnedOFF_TestID_1906">
    <failure type="java.lang.AssertionError" message="null">
      <![CDATA[java.lang.AssertionError: null
	at org.testng.Assert.fail(Assert.java:94)
	at org.testng.Assert.fail(Assert.java:101)
	at com.mobile.automation.objectrepository.Getapprovedpage.Createmyorder(Getapprovedpage.java:4115)
	at com.mobile.automation.scripts.Kiosk_BasicFlowwith_ESVand_DeliveryFeefeatureturnedOFF_TestID_1906.Kiosk_BasicFlow_with_ESVand_DeliveryFeefeatureturnedOFF_TestID_1906(Kiosk_BasicFlowwith_ESVand_DeliveryFeefeatureturnedOFF_TestID_1906.java:107)
	at sun.reflect.NativeMethodAccessorImpl.invoke0(Native Method)
	at sun.reflect.NativeMethodAccessorImpl.invoke(NativeMethodAccessorImpl.java:62)
	at sun.reflect.DelegatingMethodAccessorImpl.invoke(DelegatingMethodAccessorImpl.java:43)
	at java.lang.reflect.Method.invoke(Method.java:498)
	at org.testng.internal.MethodInvocationHelper.invokeMethod(MethodInvocationHelper.java:86)
	at org.testng.internal.Invoker.invokeMethod(Invoker.java:643)
	at org.testng.internal.Invoker.invokeTestMethod(Invoker.java:820)
	at org.testng.internal.Invoker.invokeTestMethods(Invoker.java:1128)
	at org.testng.internal.TestMethodWorker.invokeTestMethods(TestMethodWorker.java:129)
	at org.testng.internal.TestMethodWorker.run(TestMethodWorker.java:112)
	at org.testng.TestRunner.privateRun(TestRunner.java:782)
	at org.testng.TestRunner.run(TestRunner.java:632)
	at org.testng.SuiteRunner.runTest(SuiteRunner.java:366)
	at org.testng.SuiteRunner.access$000(SuiteRunner.java:39)
	at org.testng.SuiteRunner$SuiteWorker.run(SuiteRunner.java:400)
	at org.testng.internal.thread.ThreadUtil$2.call(ThreadUtil.java:64)
	at java.util.concurrent.FutureTask.run(FutureTask.java:266)
	at java.util.concurrent.ThreadPoolExecutor.runWorker(ThreadPoolExecutor.java:1149)
	at java.util.concurrent.ThreadPoolExecutor$Worker.run(ThreadPoolExecutor.java:624)
	at java.lang.Thread.run(Thread.java:748)
]]>
    </failure>
  </testcase> <!-- Kiosk_BasicFlow_with_ESVand_DeliveryFeefeatureturnedOFF_TestID_1906 -->
  <testcase name="Kiosk_BasicFlow_with_ESVand_DeliveryFeefeatureturnedOFF_TestID_1906" time="1411.647" classname="com.mobile.automation.scripts.Kiosk_BasicFlowwith_ESVand_DeliveryFeefeatureturnedOFF_TestID_1906">
    <failure type="java.lang.AssertionError" message="null">
      <![CDATA[java.lang.AssertionError: null
	at org.testng.Assert.fail(Assert.java:94)
	at org.testng.Assert.fail(Assert.java:101)
	at com.mobile.automation.objectrepository.Getapprovedpage.Createmyorder(Getapprovedpage.java:4115)
	at com.mobile.automation.scripts.Kiosk_BasicFlowwith_ESVand_DeliveryFeefeatureturnedOFF_TestID_1906.Kiosk_BasicFlow_with_ESVand_DeliveryFeefeatureturnedOFF_TestID_1906(Kiosk_BasicFlowwith_ESVand_DeliveryFeefeatureturnedOFF_TestID_1906.java:107)
	at sun.reflect.NativeMethodAccessorImpl.invoke0(Native Method)
	at sun.reflect.NativeMethodAccessorImpl.invoke(NativeMethodAccessorImpl.java:62)
	at sun.reflect.DelegatingMethodAccessorImpl.invoke(DelegatingMethodAccessorImpl.java:43)
	at java.lang.reflect.Method.invoke(Method.java:498)
	at org.testng.internal.MethodInvocationHelper.invokeMethod(MethodInvocationHelper.java:86)
	at org.testng.internal.Invoker.invokeMethod(Invoker.java:643)
	at org.testng.internal.Invoker.invokeTestMethod(Invoker.java:820)
	at org.testng.internal.Invoker.invokeTestMethods(Invoker.java:1128)
	at org.testng.internal.TestMethodWorker.invokeTestMethods(TestMethodWorker.java:129)
	at org.testng.internal.TestMethodWorker.run(TestMethodWorker.java:112)
	at org.testng.TestRunner.privateRun(TestRunner.java:782)
	at org.testng.TestRunner.run(TestRunner.java:632)
	at org.testng.SuiteRunner.runTest(SuiteRunner.java:366)
	at org.testng.SuiteRunner.access$000(SuiteRunner.java:39)
	at org.testng.SuiteRunner$SuiteWorker.run(SuiteRunner.java:400)
	at org.testng.internal.thread.ThreadUtil$2.call(ThreadUtil.java:64)
	at java.util.concurrent.FutureTask.run(FutureTask.java:266)
	at java.util.concurrent.ThreadPoolExecutor.runWorker(ThreadPoolExecutor.java:1149)
	at java.util.concurrent.ThreadPoolExecutor$Worker.run(ThreadPoolExecutor.java:624)
	at java.lang.Thread.run(Thread.java:748)
]]>
    </failure>
  </testcase> <!-- Kiosk_BasicFlow_with_ESVand_DeliveryFeefeatureturnedOFF_TestID_1906 -->
  <testcase name="Kiosk_BasicFlow_with_ESVand_DeliveryFeefeatureturnedOFF_TestID_1906" time="1339.668" classname="com.mobile.automation.scripts.Kiosk_BasicFlowwith_ESVand_DeliveryFeefeatureturnedOFF_TestID_1906">
    <failure type="java.lang.AssertionError" message="null">
      <![CDATA[java.lang.AssertionError: null
	at org.testng.Assert.fail(Assert.java:94)
	at org.testng.Assert.fail(Assert.java:101)
	at com.mobile.automation.objectrepository.Getapprovedpage.Createmyorder(Getapprovedpage.java:4115)
	at com.mobile.automation.scripts.Kiosk_BasicFlowwith_ESVand_DeliveryFeefeatureturnedOFF_TestID_1906.Kiosk_BasicFlow_with_ESVand_DeliveryFeefeatureturnedOFF_TestID_1906(Kiosk_BasicFlowwith_ESVand_DeliveryFeefeatureturnedOFF_TestID_1906.java:107)
	at sun.reflect.NativeMethodAccessorImpl.invoke0(Native Method)
	at sun.reflect.NativeMethodAccessorImpl.invoke(NativeMethodAccessorImpl.java:62)
	at sun.reflect.DelegatingMethodAccessorImpl.invoke(DelegatingMethodAccessorImpl.java:43)
	at java.lang.reflect.Method.invoke(Method.java:498)
	at org.testng.internal.MethodInvocationHelper.invokeMethod(MethodInvocationHelper.java:86)
	at org.testng.internal.Invoker.invokeMethod(Invoker.java:643)
	at org.testng.internal.Invoker.invokeTestMethod(Invoker.java:820)
	at org.testng.internal.Invoker.invokeTestMethods(Invoker.java:1128)
	at org.testng.internal.TestMethodWorker.invokeTestMethods(TestMethodWorker.java:129)
	at org.testng.internal.TestMethodWorker.run(TestMethodWorker.java:112)
	at org.testng.TestRunner.privateRun(TestRunner.java:782)
	at org.testng.TestRunner.run(TestRunner.java:632)
	at org.testng.SuiteRunner.runTest(SuiteRunner.java:366)
	at org.testng.SuiteRunner.access$000(SuiteRunner.java:39)
	at org.testng.SuiteRunner$SuiteWorker.run(SuiteRunner.java:400)
	at org.testng.internal.thread.ThreadUtil$2.call(ThreadUtil.java:64)
	at java.util.concurrent.FutureTask.run(FutureTask.java:266)
	at java.util.concurrent.ThreadPoolExecutor.runWorker(ThreadPoolExecutor.java:1149)
	at java.util.concurrent.ThreadPoolExecutor$Worker.run(ThreadPoolExecutor.java:624)
	at java.lang.Thread.run(Thread.java:748)
]]>
    </failure>
  </testcase> <!-- Kiosk_BasicFlow_with_ESVand_DeliveryFeefeatureturnedOFF_TestID_1906 -->
  <testcase name="Kiosk_BasicFlow_with_ESVand_DeliveryFeefeatureturnedOFF_TestID_1906" time="1497.961" classname="com.mobile.automation.scripts.Kiosk_BasicFlowwith_ESVand_DeliveryFeefeatureturnedOFF_TestID_1906">
    <failure type="java.lang.AssertionError" message="null">
      <![CDATA[java.lang.AssertionError: null
	at org.testng.Assert.fail(Assert.java:94)
	at org.testng.Assert.fail(Assert.java:101)
	at com.mobile.automation.objectrepository.Getapprovedpage.Createmyorder(Getapprovedpage.java:4115)
	at com.mobile.automation.scripts.Kiosk_BasicFlowwith_ESVand_DeliveryFeefeatureturnedOFF_TestID_1906.Kiosk_BasicFlow_with_ESVand_DeliveryFeefeatureturnedOFF_TestID_1906(Kiosk_BasicFlowwith_ESVand_DeliveryFeefeatureturnedOFF_TestID_1906.java:107)
	at sun.reflect.NativeMethodAccessorImpl.invoke0(Native Method)
	at sun.reflect.NativeMethodAccessorImpl.invoke(NativeMethodAccessorImpl.java:62)
	at sun.reflect.DelegatingMethodAccessorImpl.invoke(DelegatingMethodAccessorImpl.java:43)
	at java.lang.reflect.Method.invoke(Method.java:498)
	at org.testng.internal.MethodInvocationHelper.invokeMethod(MethodInvocationHelper.java:86)
	at org.testng.internal.Invoker.invokeMethod(Invoker.java:643)
	at org.testng.internal.Invoker.invokeTestMethod(Invoker.java:820)
	at org.testng.internal.Invoker.invokeTestMethods(Invoker.java:1128)
	at org.testng.internal.TestMethodWorker.invokeTestMethods(TestMethodWorker.java:129)
	at org.testng.internal.TestMethodWorker.run(TestMethodWorker.java:112)
	at org.testng.TestRunner.privateRun(TestRunner.java:782)
	at org.testng.TestRunner.run(TestRunner.java:632)
	at org.testng.SuiteRunner.runTest(SuiteRunner.java:366)
	at org.testng.SuiteRunner.access$000(SuiteRunner.java:39)
	at org.testng.SuiteRunner$SuiteWorker.run(SuiteRunner.java:400)
	at org.testng.internal.thread.ThreadUtil$2.call(ThreadUtil.java:64)
	at java.util.concurrent.FutureTask.run(FutureTask.java:266)
	at java.util.concurrent.ThreadPoolExecutor.runWorker(ThreadPoolExecutor.java:1149)
	at java.util.concurrent.ThreadPoolExecutor$Worker.run(ThreadPoolExecutor.java:624)
	at java.lang.Thread.run(Thread.java:748)
]]>
    </failure>
  </testcase> <!-- Kiosk_BasicFlow_with_ESVand_DeliveryFeefeatureturnedOFF_TestID_1906 -->
  <testcase name="Kiosk_BasicFlow_with_ESVand_DeliveryFeefeatureturnedOFF_TestID_1906" time="1298.468" classname="com.mobile.automation.scripts.Kiosk_BasicFlowwith_ESVand_DeliveryFeefeatureturnedOFF_TestID_1906">
    <failure type="java.lang.AssertionError" message="null">
      <![CDATA[java.lang.AssertionError: null
	at org.testng.Assert.fail(Assert.java:94)
	at org.testng.Assert.fail(Assert.java:101)
	at com.mobile.automation.objectrepository.Getapprovedpage.Createmyorder(Getapprovedpage.java:4115)
	at com.mobile.automation.scripts.Kiosk_BasicFlowwith_ESVand_DeliveryFeefeatureturnedOFF_TestID_1906.Kiosk_BasicFlow_with_ESVand_DeliveryFeefeatureturnedOFF_TestID_1906(Kiosk_BasicFlowwith_ESVand_DeliveryFeefeatureturnedOFF_TestID_1906.java:107)
	at sun.reflect.NativeMethodAccessorImpl.invoke0(Native Method)
	at sun.reflect.NativeMethodAccessorImpl.invoke(NativeMethodAccessorImpl.java:62)
	at sun.reflect.DelegatingMethodAccessorImpl.invoke(DelegatingMethodAccessorImpl.java:43)
	at java.lang.reflect.Method.invoke(Method.java:498)
	at org.testng.internal.MethodInvocationHelper.invokeMethod(MethodInvocationHelper.java:86)
	at org.testng.internal.Invoker.invokeMethod(Invoker.java:643)
	at org.testng.internal.Invoker.invokeTestMethod(Invoker.java:820)
	at org.testng.internal.Invoker.invokeTestMethods(Invoker.java:1128)
	at org.testng.internal.TestMethodWorker.invokeTestMethods(TestMethodWorker.java:129)
	at org.testng.internal.TestMethodWorker.run(TestMethodWorker.java:112)
	at org.testng.TestRunner.privateRun(TestRunner.java:782)
	at org.testng.TestRunner.run(TestRunner.java:632)
	at org.testng.SuiteRunner.runTest(SuiteRunner.java:366)
	at org.testng.SuiteRunner.access$000(SuiteRunner.java:39)
	at org.testng.SuiteRunner$SuiteWorker.run(SuiteRunner.java:400)
	at org.testng.internal.thread.ThreadUtil$2.call(ThreadUtil.java:64)
	at java.util.concurrent.FutureTask.run(FutureTask.java:266)
	at java.util.concurrent.ThreadPoolExecutor.runWorker(ThreadPoolExecutor.java:1149)
	at java.util.concurrent.ThreadPoolExecutor$Worker.run(ThreadPoolExecutor.java:624)
	at java.lang.Thread.run(Thread.java:748)
]]>
    </failure>
  </testcase> <!-- Kiosk_BasicFlow_with_ESVand_DeliveryFeefeatureturnedOFF_TestID_1906 -->
  <testcase name="Kiosk_BasicFlow_with_ESVand_DeliveryFeefeatureturnedOFF_TestID_1906" time="1223.945" classname="com.mobile.automation.scripts.Kiosk_BasicFlowwith_ESVand_DeliveryFeefeatureturnedOFF_TestID_1906">
    <failure type="java.lang.AssertionError" message="null">
      <![CDATA[java.lang.AssertionError: null
	at org.testng.Assert.fail(Assert.java:94)
	at org.testng.Assert.fail(Assert.java:101)
	at com.mobile.automation.objectrepository.Getapprovedpage.Createmyorder(Getapprovedpage.java:4115)
	at com.mobile.automation.scripts.Kiosk_BasicFlowwith_ESVand_DeliveryFeefeatureturnedOFF_TestID_1906.Kiosk_BasicFlow_with_ESVand_DeliveryFeefeatureturnedOFF_TestID_1906(Kiosk_BasicFlowwith_ESVand_DeliveryFeefeatureturnedOFF_TestID_1906.java:107)
	at sun.reflect.NativeMethodAccessorImpl.invoke0(Native Method)
	at sun.reflect.NativeMethodAccessorImpl.invoke(NativeMethodAccessorImpl.java:62)
	at sun.reflect.DelegatingMethodAccessorImpl.invoke(DelegatingMethodAccessorImpl.java:43)
	at java.lang.reflect.Method.invoke(Method.java:498)
	at org.testng.internal.MethodInvocationHelper.invokeMethod(MethodInvocationHelper.java:86)
	at org.testng.internal.Invoker.invokeMethod(Invoker.java:643)
	at org.testng.internal.Invoker.invokeTestMethod(Invoker.java:820)
	at org.testng.internal.Invoker.invokeTestMethods(Invoker.java:1128)
	at org.testng.internal.TestMethodWorker.invokeTestMethods(TestMethodWorker.java:129)
	at org.testng.internal.TestMethodWorker.run(TestMethodWorker.java:112)
	at org.testng.TestRunner.privateRun(TestRunner.java:782)
	at org.testng.TestRunner.run(TestRunner.java:632)
	at org.testng.SuiteRunner.runTest(SuiteRunner.java:366)
	at org.testng.SuiteRunner.access$000(SuiteRunner.java:39)
	at org.testng.SuiteRunner$SuiteWorker.run(SuiteRunner.java:400)
	at org.testng.internal.thread.ThreadUtil$2.call(ThreadUtil.java:64)
	at java.util.concurrent.FutureTask.run(FutureTask.java:266)
	at java.util.concurrent.ThreadPoolExecutor.runWorker(ThreadPoolExecutor.java:1149)
	at java.util.concurrent.ThreadPoolExecutor$Worker.run(ThreadPoolExecutor.java:624)
	at java.lang.Thread.run(Thread.java:748)
]]>
    </failure>
  </testcase> <!-- Kiosk_BasicFlow_with_ESVand_DeliveryFeefeatureturnedOFF_TestID_1906 -->
  <testcase name="Kiosk_BasicFlow_with_ESVand_DeliveryFeefeatureturnedOFF_TestID_1906" time="1272.964" classname="com.mobile.automation.scripts.Kiosk_BasicFlowwith_ESVand_DeliveryFeefeatureturnedOFF_TestID_1906">
    <failure type="java.lang.AssertionError" message="null">
      <![CDATA[java.lang.AssertionError: null
	at org.testng.Assert.fail(Assert.java:94)
	at org.testng.Assert.fail(Assert.java:101)
	at com.mobile.automation.objectrepository.Getapprovedpage.Createmyorder(Getapprovedpage.java:4115)
	at com.mobile.automation.scripts.Kiosk_BasicFlowwith_ESVand_DeliveryFeefeatureturnedOFF_TestID_1906.Kiosk_BasicFlow_with_ESVand_DeliveryFeefeatureturnedOFF_TestID_1906(Kiosk_BasicFlowwith_ESVand_DeliveryFeefeatureturnedOFF_TestID_1906.java:107)
	at sun.reflect.NativeMethodAccessorImpl.invoke0(Native Method)
	at sun.reflect.NativeMethodAccessorImpl.invoke(NativeMethodAccessorImpl.java:62)
	at sun.reflect.DelegatingMethodAccessorImpl.invoke(DelegatingMethodAccessorImpl.java:43)
	at java.lang.reflect.Method.invoke(Method.java:498)
	at org.testng.internal.MethodInvocationHelper.invokeMethod(MethodInvocationHelper.java:86)
	at org.testng.internal.Invoker.invokeMethod(Invoker.java:643)
	at org.testng.internal.Invoker.invokeTestMethod(Invoker.java:820)
	at org.testng.internal.Invoker.invokeTestMethods(Invoker.java:1128)
	at org.testng.internal.TestMethodWorker.invokeTestMethods(TestMethodWorker.java:129)
	at org.testng.internal.TestMethodWorker.run(TestMethodWorker.java:112)
	at org.testng.TestRunner.privateRun(TestRunner.java:782)
	at org.testng.TestRunner.run(TestRunner.java:632)
	at org.testng.SuiteRunner.runTest(SuiteRunner.java:366)
	at org.testng.SuiteRunner.access$000(SuiteRunner.java:39)
	at org.testng.SuiteRunner$SuiteWorker.run(SuiteRunner.java:400)
	at org.testng.internal.thread.ThreadUtil$2.call(ThreadUtil.java:64)
	at java.util.concurrent.FutureTask.run(FutureTask.java:266)
	at java.util.concurrent.ThreadPoolExecutor.runWorker(ThreadPoolExecutor.java:1149)
	at java.util.concurrent.ThreadPoolExecutor$Worker.run(ThreadPoolExecutor.java:624)
	at java.lang.Thread.run(Thread.java:748)
]]>
    </failure>
  </testcase> <!-- Kiosk_BasicFlow_with_ESVand_DeliveryFeefeatureturnedOFF_TestID_1906 -->
  <testcase name="Kiosk_BasicFlow_with_ESVand_DeliveryFeefeatureturnedOFF_TestID_1906" time="1285.979" classname="com.mobile.automation.scripts.Kiosk_BasicFlowwith_ESVand_DeliveryFeefeatureturnedOFF_TestID_1906">
    <failure type="java.lang.AssertionError" message="null">
      <![CDATA[java.lang.AssertionError: null
	at org.testng.Assert.fail(Assert.java:94)
	at org.testng.Assert.fail(Assert.java:101)
	at com.mobile.automation.objectrepository.Getapprovedpage.Createmyorder(Getapprovedpage.java:4115)
	at com.mobile.automation.scripts.Kiosk_BasicFlowwith_ESVand_DeliveryFeefeatureturnedOFF_TestID_1906.Kiosk_BasicFlow_with_ESVand_DeliveryFeefeatureturnedOFF_TestID_1906(Kiosk_BasicFlowwith_ESVand_DeliveryFeefeatureturnedOFF_TestID_1906.java:107)
	at sun.reflect.NativeMethodAccessorImpl.invoke0(Native Method)
	at sun.reflect.NativeMethodAccessorImpl.invoke(NativeMethodAccessorImpl.java:62)
	at sun.reflect.DelegatingMethodAccessorImpl.invoke(DelegatingMethodAccessorImpl.java:43)
	at java.lang.reflect.Method.invoke(Method.java:498)
	at org.testng.internal.MethodInvocationHelper.invokeMethod(MethodInvocationHelper.java:86)
	at org.testng.internal.Invoker.invokeMethod(Invoker.java:643)
	at org.testng.internal.Invoker.invokeTestMethod(Invoker.java:820)
	at org.testng.internal.Invoker.invokeTestMethods(Invoker.java:1128)
	at org.testng.internal.TestMethodWorker.invokeTestMethods(TestMethodWorker.java:129)
	at org.testng.internal.TestMethodWorker.run(TestMethodWorker.java:112)
	at org.testng.TestRunner.privateRun(TestRunner.java:782)
	at org.testng.TestRunner.run(TestRunner.java:632)
	at org.testng.SuiteRunner.runTest(SuiteRunner.java:366)
	at org.testng.SuiteRunner.access$000(SuiteRunner.java:39)
	at org.testng.SuiteRunner$SuiteWorker.run(SuiteRunner.java:400)
	at org.testng.internal.thread.ThreadUtil$2.call(ThreadUtil.java:64)
	at java.util.concurrent.FutureTask.run(FutureTask.java:266)
	at java.util.concurrent.ThreadPoolExecutor.runWorker(ThreadPoolExecutor.java:1149)
	at java.util.concurrent.ThreadPoolExecutor$Worker.run(ThreadPoolExecutor.java:624)
	at java.lang.Thread.run(Thread.java:748)
]]>
    </failure>
  </testcase> <!-- Kiosk_BasicFlow_with_ESVand_DeliveryFeefeatureturnedOFF_TestID_1906 -->
  <testcase name="Kiosk_BasicFlow_with_ESVand_DeliveryFeefeatureturnedOFF_TestID_1906" time="1337.311" classname="com.mobile.automation.scripts.Kiosk_BasicFlowwith_ESVand_DeliveryFeefeatureturnedOFF_TestID_1906">
    <failure type="java.lang.AssertionError" message="null">
      <![CDATA[java.lang.AssertionError: null
	at org.testng.Assert.fail(Assert.java:94)
	at org.testng.Assert.fail(Assert.java:101)
	at com.mobile.automation.objectrepository.Getapprovedpage.Createmyorder(Getapprovedpage.java:4115)
	at com.mobile.automation.scripts.Kiosk_BasicFlowwith_ESVand_DeliveryFeefeatureturnedOFF_TestID_1906.Kiosk_BasicFlow_with_ESVand_DeliveryFeefeatureturnedOFF_TestID_1906(Kiosk_BasicFlowwith_ESVand_DeliveryFeefeatureturnedOFF_TestID_1906.java:107)
	at sun.reflect.NativeMethodAccessorImpl.invoke0(Native Method)
	at sun.reflect.NativeMethodAccessorImpl.invoke(NativeMethodAccessorImpl.java:62)
	at sun.reflect.DelegatingMethodAccessorImpl.invoke(DelegatingMethodAccessorImpl.java:43)
	at java.lang.reflect.Method.invoke(Method.java:498)
	at org.testng.internal.MethodInvocationHelper.invokeMethod(MethodInvocationHelper.java:86)
	at org.testng.internal.Invoker.invokeMethod(Invoker.java:643)
	at org.testng.internal.Invoker.invokeTestMethod(Invoker.java:820)
	at org.testng.internal.Invoker.invokeTestMethods(Invoker.java:1128)
	at org.testng.internal.TestMethodWorker.invokeTestMethods(TestMethodWorker.java:129)
	at org.testng.internal.TestMethodWorker.run(TestMethodWorker.java:112)
	at org.testng.TestRunner.privateRun(TestRunner.java:782)
	at org.testng.TestRunner.run(TestRunner.java:632)
	at org.testng.SuiteRunner.runTest(SuiteRunner.java:366)
	at org.testng.SuiteRunner.access$000(SuiteRunner.java:39)
	at org.testng.SuiteRunner$SuiteWorker.run(SuiteRunner.java:400)
	at org.testng.internal.thread.ThreadUtil$2.call(ThreadUtil.java:64)
	at java.util.concurrent.FutureTask.run(FutureTask.java:266)
	at java.util.concurrent.ThreadPoolExecutor.runWorker(ThreadPoolExecutor.java:1149)
	at java.util.concurrent.ThreadPoolExecutor$Worker.run(ThreadPoolExecutor.java:624)
	at java.lang.Thread.run(Thread.java:748)
]]>
    </failure>
  </testcase> <!-- Kiosk_BasicFlow_with_ESVand_DeliveryFeefeatureturnedOFF_TestID_1906 -->
</testsuite> <!-- com.mobile.automation.scripts.Kiosk_BasicFlowwith_ESVand_DeliveryFeefeatureturnedOFF_TestID_1906 -->
