<?xml version="1.0" encoding="UTF-8"?>
<!-- Generated by org.testng.reporters.JUnitReportReporter -->
<testsuite hostname="JDW10STD01262" failures="0" tests="1" name="com.mobile.automation.scripts.original.jdsports" time="12.442" errors="1" timestamp="26 Mar 2019 05:26:16 GMT">
  <testcase classname="com.mobile.automation.scripts.original.jdsports" name="testjdsports" time="12.442">
    <error message="no such element (An element could not be located on the page using the given search parameters (XPATH=&#039;//*[@text=&#039;Men&#039;]&#039;))  (WARNING: The server did not provide any stacktrace information)
Command duration or timeout: 1.17 seconds
For documentation on this error, please visit: https://www.seleniumhq.org/exceptions/no_such_element.html
Build info: version: &#039;3.141.59&#039;, revision: &#039;e82be7d358&#039;, time: &#039;2018-11-14T08:17:03&#039;
System info: host: &#039;JDW10STD01262&#039;, ip: &#039;10.32.70.81&#039;, os.name: &#039;Windows 10&#039;, os.arch: &#039;amd64&#039;, os.version: &#039;10.0&#039;, java.version: &#039;11.0.2&#039;
Driver info: io.appium.java_client.android.AndroidDriver
Capabilities [{appPackage=com.jd.jdsports, device.majorVersion=8, dontGoHomeOnQuit=false, device.os=Android, noReset=true, dontStopAppOnReset=false, reservationDuration=240, reportFormat=xml, fullReset=false, platform=ANY, deviceUDID=ce0117110aa72f3d04, install.only.for.update=false, desired={app=C:\Users\ravi.munigeri\AppData\Roaming\appiumstudio\apk\com.jd.jdsports.ui.MainActivity.2.apk, appPackage=com.jd.jdsports, appActivity=.ui.MainActivity, noReset=true, instrumentApp=true, reportDirectory=reports, reportFormat=xml, udid=ce0117110aa72f3d04, platformName=Android, testName=jdsports}, device.serialNumber=ce0117110aa72f3d04, locationServicesAuthorized=false, device.version=8.0.0, reportDirectory=reports, autoWebview=false, udid=ce0117110aa72f3d04, platformName=Android, testName=jdsports, device.screenSize=1080x1920, useKeystore=false, app=C:\Users\ravi.munigeri\AppData\Roaming\appiumstudio\apk\com.jd.jdsports.ui.MainActivity.2.apk, test.type=Mobile, instrumentApp=true, device.manufacture=samsung, appiumVersion=1.8.0, device.category=PHONE, autoDismissAlerts=false, reportUrl=C:\Users\ravi.munigeri\appiumstudio-reports\reports\test2, newSessionWaitTimeout=300, keystorePath=~/.android/debug.keystore, appActivity=.ui.MainActivity, waitForDeviceTimeout=120000, device.model=SM-G930F, device.name=SM-G930F, autoGrantPermissions=false, takeScreenshots=true, projectName=, autoAcceptAlerts=false}]
Session ID: 4b063350-9c47-4017-80c5-7c855312c82c
*** Element info: {Using=xpath, value=//*[@text=&#039;Men&#039;]}" type="org.openqa.selenium.NoSuchElementException">
      <![CDATA[org.openqa.selenium.NoSuchElementException: no such element (An element could not be located on the page using the given search parameters (XPATH='//*[@text='Men']'))  (WARNING: The server did not provide any stacktrace information)
Command duration or timeout: 1.17 seconds
For documentation on this error, please visit: https://www.seleniumhq.org/exceptions/no_such_element.html
Build info: version: '3.141.59', revision: 'e82be7d358', time: '2018-11-14T08:17:03'
System info: host: 'JDW10STD01262', ip: '10.32.70.81', os.name: 'Windows 10', os.arch: 'amd64', os.version: '10.0', java.version: '11.0.2'
Driver info: io.appium.java_client.android.AndroidDriver
Capabilities [{appPackage=com.jd.jdsports, device.majorVersion=8, dontGoHomeOnQuit=false, device.os=Android, noReset=true, dontStopAppOnReset=false, reservationDuration=240, reportFormat=xml, fullReset=false, platform=ANY, deviceUDID=ce0117110aa72f3d04, install.only.for.update=false, desired={app=C:\Users\ravi.munigeri\AppData\Roaming\appiumstudio\apk\com.jd.jdsports.ui.MainActivity.2.apk, appPackage=com.jd.jdsports, appActivity=.ui.MainActivity, noReset=true, instrumentApp=true, reportDirectory=reports, reportFormat=xml, udid=ce0117110aa72f3d04, platformName=Android, testName=jdsports}, device.serialNumber=ce0117110aa72f3d04, locationServicesAuthorized=false, device.version=8.0.0, reportDirectory=reports, autoWebview=false, udid=ce0117110aa72f3d04, platformName=Android, testName=jdsports, device.screenSize=1080x1920, useKeystore=false, app=C:\Users\ravi.munigeri\AppData\Roaming\appiumstudio\apk\com.jd.jdsports.ui.MainActivity.2.apk, test.type=Mobile, instrumentApp=true, device.manufacture=samsung, appiumVersion=1.8.0, device.category=PHONE, autoDismissAlerts=false, reportUrl=C:\Users\ravi.munigeri\appiumstudio-reports\reports\test2, newSessionWaitTimeout=300, keystorePath=~/.android/debug.keystore, appActivity=.ui.MainActivity, waitForDeviceTimeout=120000, device.model=SM-G930F, device.name=SM-G930F, autoGrantPermissions=false, takeScreenshots=true, projectName=, autoAcceptAlerts=false}]
Session ID: 4b063350-9c47-4017-80c5-7c855312c82c
*** Element info: {Using=xpath, value=//*[@text='Men']}
	at java.base/jdk.internal.reflect.NativeConstructorAccessorImpl.newInstance0(Native Method)
	at java.base/jdk.internal.reflect.NativeConstructorAccessorImpl.newInstance(NativeConstructorAccessorImpl.java:62)
	at java.base/jdk.internal.reflect.DelegatingConstructorAccessorImpl.newInstance(DelegatingConstructorAccessorImpl.java:45)
	at java.base/java.lang.reflect.Constructor.newInstance(Constructor.java:490)
	at org.openqa.selenium.remote.ErrorHandler.createThrowable(ErrorHandler.java:206)
	at org.openqa.selenium.remote.ErrorHandler.throwIfResponseFailed(ErrorHandler.java:158)
	at org.openqa.selenium.remote.RemoteWebDriver.execute(RemoteWebDriver.java:683)
	at io.appium.java_client.DefaultGenericMobileDriver.execute(DefaultGenericMobileDriver.java:42)
	at io.appium.java_client.AppiumDriver.execute(AppiumDriver.java:1)
	at io.appium.java_client.android.AndroidDriver.execute(AndroidDriver.java:1)
	at org.openqa.selenium.remote.RemoteWebDriver.findElement(RemoteWebDriver.java:377)
	at io.appium.java_client.DefaultGenericMobileDriver.findElement(DefaultGenericMobileDriver.java:62)
	at io.appium.java_client.AppiumDriver.findElement(AppiumDriver.java:1)
	at io.appium.java_client.android.AndroidDriver.findElement(AndroidDriver.java:1)
	at org.openqa.selenium.remote.RemoteWebDriver.findElementByXPath(RemoteWebDriver.java:506)
	at io.appium.java_client.DefaultGenericMobileDriver.findElementByXPath(DefaultGenericMobileDriver.java:152)
	at io.appium.java_client.AppiumDriver.findElementByXPath(AppiumDriver.java:1)
	at io.appium.java_client.android.AndroidDriver.findElementByXPath(AndroidDriver.java:1)
	at org.openqa.selenium.By$ByXPath.findElement(By.java:353)
	at org.openqa.selenium.remote.RemoteWebDriver.findElement(RemoteWebDriver.java:369)
	at io.appium.java_client.DefaultGenericMobileDriver.findElement(DefaultGenericMobileDriver.java:58)
	at io.appium.java_client.AppiumDriver.findElement(AppiumDriver.java:1)
	at io.appium.java_client.android.AndroidDriver.findElement(AndroidDriver.java:1)
	at com.mobile.automation.scripts.original.jdsports.testjdsports(jdsports.java:44)
	at java.base/jdk.internal.reflect.NativeMethodAccessorImpl.invoke0(Native Method)
	at java.base/jdk.internal.reflect.NativeMethodAccessorImpl.invoke(NativeMethodAccessorImpl.java:62)
	at java.base/jdk.internal.reflect.DelegatingMethodAccessorImpl.invoke(DelegatingMethodAccessorImpl.java:43)
	at java.base/java.lang.reflect.Method.invoke(Method.java:566)
	at org.testng.internal.MethodInvocationHelper.invokeMethod(MethodInvocationHelper.java:86)
	at org.testng.internal.Invoker.invokeMethod(Invoker.java:643)
	at org.testng.internal.Invoker.invokeTestMethod(Invoker.java:820)
	at org.testng.internal.Invoker.invokeTestMethods(Invoker.java:1128)
	at org.testng.internal.TestMethodWorker.invokeTestMethods(TestMethodWorker.java:129)
	at org.testng.internal.TestMethodWorker.run(TestMethodWorker.java:112)
	at org.testng.TestRunner.privateRun(TestRunner.java:782)
	at org.testng.TestRunner.run(TestRunner.java:632)
	at org.testng.SuiteRunner.runTest(SuiteRunner.java:366)
	at org.testng.SuiteRunner.runSequentially(SuiteRunner.java:361)
	at org.testng.SuiteRunner.privateRun(SuiteRunner.java:319)
	at org.testng.SuiteRunner.run(SuiteRunner.java:268)
	at org.testng.SuiteRunnerWorker.runSuite(SuiteRunnerWorker.java:52)
	at org.testng.SuiteRunnerWorker.run(SuiteRunnerWorker.java:86)
	at org.testng.TestNG.runSuitesSequentially(TestNG.java:1244)
	at org.testng.TestNG.runSuitesLocally(TestNG.java:1169)
	at org.testng.TestNG.run(TestNG.java:1064)
	at org.testng.remote.AbstractRemoteTestNG.run(AbstractRemoteTestNG.java:115)
	at org.testng.remote.RemoteTestNG.initAndRun(RemoteTestNG.java:251)
	at org.testng.remote.RemoteTestNG.main(RemoteTestNG.java:77)
]]>
    </error>
  </testcase> <!-- testjdsports -->
</testsuite> <!-- com.mobile.automation.scripts.original.jdsports -->
