<?xml version="1.0" encoding="UTF-8"?>
<!-- Generated by org.testng.reporters.JUnitReportReporter -->
<testsuite hostname="JDW10STD01262" failures="0" tests="2" name="com.mobile.automation.scripts.JDendtoendflowwithAppiumGrid" time="0.460" errors="2" timestamp="15 Dec 2020 07:11:21 GMT" skipped="0">
  <testcase classname="com.mobile.automation.scripts.JDendtoendflowwithAppiumGrid" name="afterSuite" time="0.460">
    <error message="javax/xml/bind/DatatypeConverter" type="java.lang.NoClassDefFoundError">
      <![CDATA[java.lang.NoClassDefFoundError: javax/xml/bind/DatatypeConverter
at net.lightbody.bmp.core.json.ISO8601WithTDZDateFormatter.serialize(ISO8601WithTDZDateFormatter.java:25)
at net.lightbody.bmp.core.json.ISO8601WithTDZDateFormatter.serialize(ISO8601WithTDZDateFormatter.java:1)
at com.fasterxml.jackson.databind.ser.BeanPropertyWriter.serializeAsField(BeanPropertyWriter.java:505)
at com.fasterxml.jackson.databind.ser.std.BeanSerializerBase.serializeFields(BeanSerializerBase.java:639)
at com.fasterxml.jackson.databind.ser.BeanSerializer.serialize(BeanSerializer.java:152)
at com.fasterxml.jackson.databind.ser.impl.IndexedListSerializer.serializeContents(IndexedListSerializer.java:100)
at com.fasterxml.jackson.databind.ser.impl.IndexedListSerializer.serializeContents(IndexedListSerializer.java:21)
at com.fasterxml.jackson.databind.ser.std.AsArraySerializerBase.serialize(AsArraySerializerBase.java:183)
at com.fasterxml.jackson.databind.ser.BeanPropertyWriter.serializeAsField(BeanPropertyWriter.java:505)
at com.fasterxml.jackson.databind.ser.std.BeanSerializerBase.serializeFields(BeanSerializerBase.java:639)
at com.fasterxml.jackson.databind.ser.BeanSerializer.serialize(BeanSerializer.java:152)
at com.fasterxml.jackson.databind.ser.BeanPropertyWriter.serializeAsField(BeanPropertyWriter.java:505)
at com.fasterxml.jackson.databind.ser.std.BeanSerializerBase.serializeFields(BeanSerializerBase.java:639)
at com.fasterxml.jackson.databind.ser.BeanSerializer.serialize(BeanSerializer.java:152)
at com.fasterxml.jackson.databind.ser.DefaultSerializerProvider.serializeValue(DefaultSerializerProvider.java:128)
at com.fasterxml.jackson.databind.ObjectMapper._configAndWriteValue(ObjectMapper.java:2881)
at com.fasterxml.jackson.databind.ObjectMapper.writeValue(ObjectMapper.java:2304)
at net.lightbody.bmp.core.har.Har.writeTo(Har.java:36)
at com.web.automation.bmp.BMP_Proxy_Controller.saveAPIHarLogToHarFile(BMP_Proxy_Controller.java:126)
at com.web.automation.accelerators.TestEngineWeb.afterSuite(TestEngineWeb.java:224)
at java.base/jdk.internal.reflect.NativeMethodAccessorImpl.invoke0(Native Method)
at java.base/jdk.internal.reflect.NativeMethodAccessorImpl.invoke(NativeMethodAccessorImpl.java:62)
at java.base/jdk.internal.reflect.DelegatingMethodAccessorImpl.invoke(DelegatingMethodAccessorImpl.java:43)
at java.base/java.lang.reflect.Method.invoke(Method.java:566)
at org.testng.internal.MethodInvocationHelper.invokeMethod(MethodInvocationHelper.java:124)
at org.testng.internal.MethodInvocationHelper.invokeMethodConsideringTimeout(MethodInvocationHelper.java:59)
at org.testng.internal.Invoker.invokeConfigurationMethod(Invoker.java:458)
at org.testng.internal.Invoker.invokeConfigurations(Invoker.java:222)
at org.testng.internal.Invoker.invokeConfigurations(Invoker.java:142)
at org.testng.SuiteRunner.privateRun(SuiteRunner.java:425)
at org.testng.SuiteRunner.run(SuiteRunner.java:364)
at org.testng.SuiteRunnerWorker.runSuite(SuiteRunnerWorker.java:52)
at org.testng.SuiteRunnerWorker.run(SuiteRunnerWorker.java:84)
at org.testng.TestNG.runSuitesSequentially(TestNG.java:1208)
at org.testng.TestNG.runSuitesLocally(TestNG.java:1137)
at org.testng.TestNG.runSuites(TestNG.java:1049)
at org.testng.TestNG.run(TestNG.java:1017)
at org.testng.remote.AbstractRemoteTestNG.run(AbstractRemoteTestNG.java:115)
at org.testng.remote.RemoteTestNG.initAndRun(RemoteTestNG.java:251)
at org.testng.remote.RemoteTestNG.main(RemoteTestNG.java:77)
Caused by: java.lang.ClassNotFoundException: javax.xml.bind.DatatypeConverter
at java.base/jdk.internal.loader.BuiltinClassLoader.loadClass(BuiltinClassLoader.java:583)
at java.base/jdk.internal.loader.ClassLoaders$AppClassLoader.loadClass(ClassLoaders.java:178)
at java.base/java.lang.ClassLoader.loadClass(ClassLoader.java:521)
... 40 more
]]>
    </error>
  </testcase> <!-- afterSuite -->
  <testcase classname="com.mobile.automation.scripts.JDendtoendflowwithAppiumGrid" name="JDEndtoendFlowPath" time="0.000">
    <error message="
Parameter &#039;platformVersion&#039; is required by @Test on method JDEndtoendFlowPath but has not been marked @Optional or defined
in C:\Users\ravi.munigeri\AppData\Local\Temp\testng-eclipse--1427480679\testng-customsuite.xml" type="org.testng.TestNGException">
      <![CDATA[org.testng.TestNGException: 
Parameter 'platformVersion' is required by @Test on method JDEndtoendFlowPath but has not been marked @Optional or defined
in C:\Users\ravi.munigeri\AppData\Local\Temp\testng-eclipse--1427480679\testng-customsuite.xml
at org.testng.internal.Parameters.createParams(Parameters.java:290)
at org.testng.internal.Parameters.createParametersForMethod(Parameters.java:359)
at org.testng.internal.Parameters.createParameters(Parameters.java:620)
at org.testng.internal.Parameters.handleParameters(Parameters.java:769)
at org.testng.internal.ParameterHandler.handleParameters(ParameterHandler.java:49)
at org.testng.internal.ParameterHandler.createParameters(ParameterHandler.java:37)
at org.testng.internal.Invoker.invokeTestMethods(Invoker.java:924)
at org.testng.internal.TestMethodWorker.invokeTestMethods(TestMethodWorker.java:125)
at org.testng.internal.TestMethodWorker.run(TestMethodWorker.java:109)
at org.testng.TestRunner.privateRun(TestRunner.java:648)
at org.testng.TestRunner.run(TestRunner.java:505)
at org.testng.SuiteRunner.runTest(SuiteRunner.java:455)
at org.testng.SuiteRunner.runSequentially(SuiteRunner.java:450)
at org.testng.SuiteRunner.privateRun(SuiteRunner.java:415)
at org.testng.SuiteRunner.run(SuiteRunner.java:364)
at org.testng.SuiteRunnerWorker.runSuite(SuiteRunnerWorker.java:52)
at org.testng.SuiteRunnerWorker.run(SuiteRunnerWorker.java:84)
at org.testng.TestNG.runSuitesSequentially(TestNG.java:1208)
at org.testng.TestNG.runSuitesLocally(TestNG.java:1137)
at org.testng.TestNG.runSuites(TestNG.java:1049)
at org.testng.TestNG.run(TestNG.java:1017)
at org.testng.remote.AbstractRemoteTestNG.run(AbstractRemoteTestNG.java:115)
at org.testng.remote.RemoteTestNG.initAndRun(RemoteTestNG.java:251)
at org.testng.remote.RemoteTestNG.main(RemoteTestNG.java:77)
]]>
    </error>
  </testcase> <!-- JDEndtoendFlowPath -->
</testsuite> <!-- com.mobile.automation.scripts.JDendtoendflowwithAppiumGrid -->
