<?xml version="1.0" encoding="UTF-8"?>
<!-- Generated by org.testng.reporters.JUnitReportReporter -->
<testsuite hostname="JDW10STD01262" failures="0" tests="1" name="com.mobile.automation.scripts.original.sampletestappiumstudio" time="13.261" errors="1" timestamp="20 Aug 2019 06:41:58 GMT" skipped="0">
  <testcase classname="com.mobile.automation.scripts.original.sampletestappiumstudio" name="testUntitled" time="13.261">
    <error message="javascript error (javascript error. An unknown server-side error occurred. Error invoking setDevice error=null)  (WARNING: The server did not provide any stacktrace information)
Command duration or timeout: 959 milliseconds
Build info: version: &#039;3.141.59&#039;, revision: &#039;e82be7d358&#039;, time: &#039;2018-11-14T08:17:03&#039;
System info: host: &#039;JDW10STD01262&#039;, ip: &#039;10.32.70.86&#039;, os.name: &#039;Windows 10&#039;, os.arch: &#039;amd64&#039;, os.version: &#039;10.0&#039;, java.version: &#039;11.0.2&#039;
Driver info: io.appium.java_client.ios.IOSDriver
Capabilities [{device.majorVersion=12, dontGoHomeOnQuit=false, device.os=iOS, noReset=false, dontStopAppOnReset=false, reservationDuration=240, reportFormat=xml, fullReset=false, platform=ANY, deviceUDID=07dbd4841b712855b78925fc5220dee9b4056101, install.only.for.update=false, desired={instrumentApp=true, bundleId=com.jd.jdsports, reportDirectory=reports, reportFormat=xml, udid=07dbd4841b712855b78925fc5220dee9b4056101, platformName=iOS, testName=Untitled}, device.serialNumber=07dbd4841b712855b78925fc5220dee9b4056101, locationServicesAuthorized=false, device.version=12.1.4, automationName=XCUITest, reportDirectory=reports, autoWebview=false, udid=07dbd4841b712855b78925fc5220dee9b4056101, platformName=iOS, testName=Untitled, device.screenSize=750x1334, useKeystore=false, test.type=Mobile, instrumentApp=true, device.manufacture=Apple, appiumVersion=1.8.0, device.category=PHONE, bundleId=com.jd.jdsports, autoDismissAlerts=false, reportUrl=C:\Users\ravi.munigeri\appiumstudio-reports\reports\test68, newSessionWaitTimeout=300, keystorePath=~/.android/debug.keystore, waitForDeviceTimeout=120000, device.model=iPhone 6s, device.name=Iphone-6s-auto, autoGrantPermissions=false, takeScreenshots=true, projectName=, autoAcceptAlerts=false}]
Session ID: c9c1f97b-d2a7-4837-83b3-f3a6de692745" type="org.openqa.selenium.WebDriverException">
      <![CDATA[org.openqa.selenium.WebDriverException: javascript error (javascript error. An unknown server-side error occurred. Error invoking setDevice error=null)  (WARNING: The server did not provide any stacktrace information)
Command duration or timeout: 959 milliseconds
Build info: version: '3.141.59', revision: 'e82be7d358', time: '2018-11-14T08:17:03'
System info: host: 'JDW10STD01262', ip: '10.32.70.86', os.name: 'Windows 10', os.arch: 'amd64', os.version: '10.0', java.version: '11.0.2'
Driver info: io.appium.java_client.ios.IOSDriver
Capabilities [{device.majorVersion=12, dontGoHomeOnQuit=false, device.os=iOS, noReset=false, dontStopAppOnReset=false, reservationDuration=240, reportFormat=xml, fullReset=false, platform=ANY, deviceUDID=07dbd4841b712855b78925fc5220dee9b4056101, install.only.for.update=false, desired={instrumentApp=true, bundleId=com.jd.jdsports, reportDirectory=reports, reportFormat=xml, udid=07dbd4841b712855b78925fc5220dee9b4056101, platformName=iOS, testName=Untitled}, device.serialNumber=07dbd4841b712855b78925fc5220dee9b4056101, locationServicesAuthorized=false, device.version=12.1.4, automationName=XCUITest, reportDirectory=reports, autoWebview=false, udid=07dbd4841b712855b78925fc5220dee9b4056101, platformName=iOS, testName=Untitled, device.screenSize=750x1334, useKeystore=false, test.type=Mobile, instrumentApp=true, device.manufacture=Apple, appiumVersion=1.8.0, device.category=PHONE, bundleId=com.jd.jdsports, autoDismissAlerts=false, reportUrl=C:\Users\ravi.munigeri\appiumstudio-reports\reports\test68, newSessionWaitTimeout=300, keystorePath=~/.android/debug.keystore, waitForDeviceTimeout=120000, device.model=iPhone 6s, device.name=Iphone-6s-auto, autoGrantPermissions=false, takeScreenshots=true, projectName=, autoAcceptAlerts=false}]
Session ID: c9c1f97b-d2a7-4837-83b3-f3a6de692745
at java.base/jdk.internal.reflect.NativeConstructorAccessorImpl.newInstance0(Native Method)
at java.base/jdk.internal.reflect.NativeConstructorAccessorImpl.newInstance(NativeConstructorAccessorImpl.java:62)
at java.base/jdk.internal.reflect.DelegatingConstructorAccessorImpl.newInstance(DelegatingConstructorAccessorImpl.java:45)
at java.base/java.lang.reflect.Constructor.newInstance(Constructor.java:490)
at org.openqa.selenium.remote.ErrorHandler.createThrowable(ErrorHandler.java:206)
at org.openqa.selenium.remote.ErrorHandler.throwIfResponseFailed(ErrorHandler.java:158)
at org.openqa.selenium.remote.RemoteWebDriver.execute(RemoteWebDriver.java:683)
at io.appium.java_client.DefaultGenericMobileDriver.execute(DefaultGenericMobileDriver.java:42)
at io.appium.java_client.AppiumDriver.execute(AppiumDriver.java:1)
at io.appium.java_client.ios.IOSDriver.execute(IOSDriver.java:1)
at org.openqa.selenium.remote.RemoteWebDriver.executeScript(RemoteWebDriver.java:582)
at com.mobile.automation.scripts.original.sampletestappiumstudio.testUntitled(sampletestappiumstudio.java:38)
at java.base/jdk.internal.reflect.NativeMethodAccessorImpl.invoke0(Native Method)
at java.base/jdk.internal.reflect.NativeMethodAccessorImpl.invoke(NativeMethodAccessorImpl.java:62)
at java.base/jdk.internal.reflect.DelegatingMethodAccessorImpl.invoke(DelegatingMethodAccessorImpl.java:43)
at java.base/java.lang.reflect.Method.invoke(Method.java:566)
at org.testng.internal.MethodInvocationHelper.invokeMethod(MethodInvocationHelper.java:124)
at org.testng.internal.Invoker.invokeMethod(Invoker.java:583)
at org.testng.internal.Invoker.invokeTestMethod(Invoker.java:719)
at org.testng.internal.Invoker.invokeTestMethods(Invoker.java:989)
at org.testng.internal.TestMethodWorker.invokeTestMethods(TestMethodWorker.java:125)
at org.testng.internal.TestMethodWorker.run(TestMethodWorker.java:109)
at org.testng.TestRunner.privateRun(TestRunner.java:648)
at org.testng.TestRunner.run(TestRunner.java:505)
at org.testng.SuiteRunner.runTest(SuiteRunner.java:455)
at org.testng.SuiteRunner.runSequentially(SuiteRunner.java:450)
at org.testng.SuiteRunner.privateRun(SuiteRunner.java:415)
at org.testng.SuiteRunner.run(SuiteRunner.java:364)
at org.testng.SuiteRunnerWorker.runSuite(SuiteRunnerWorker.java:52)
at org.testng.SuiteRunnerWorker.run(SuiteRunnerWorker.java:84)
at org.testng.TestNG.runSuitesSequentially(TestNG.java:1208)
at org.testng.TestNG.runSuitesLocally(TestNG.java:1137)
at org.testng.TestNG.runSuites(TestNG.java:1049)
at org.testng.TestNG.run(TestNG.java:1017)
at org.testng.remote.AbstractRemoteTestNG.run(AbstractRemoteTestNG.java:115)
at org.testng.remote.RemoteTestNG.initAndRun(RemoteTestNG.java:251)
at org.testng.remote.RemoteTestNG.main(RemoteTestNG.java:77)
]]>
    </error>
  </testcase> <!-- testUntitled -->
</testsuite> <!-- com.mobile.automation.scripts.original.sampletestappiumstudio -->
